<?xml version="1.0" encoding="UTF-8"?>
<!-- Generated by org.testng.reporters.JUnitReportReporter -->
<testsuite hostname="PF2PGWO2" failures="0" tests="5" name="TestScripts.Amazon" time="81.607" errors="0" timestamp="2022-06-15T16:56:20 IST" skipped="0">
  <testcase classname="TestScripts.Amazon" name="LoginToWebsite" time="6.033"/>
  <system-out/>
  <testcase classname="TestScripts.Amazon" name="addRemovecart" time="34.055"/>
  <system-out/>
  <testcase classname="TestScripts.Amazon" name="GetorderDetails" time="8.252"/>
  <system-out/>
  <testcase classname="TestScripts.Amazon" name="addRemoveAddress" time="13.713"/>
  <system-out/>
  <testcase classname="TestScripts.Amazon" name="scrollToLastMobile" time="19.554"/>
  <system-out/>
</testsuite> <!-- TestScripts.Amazon -->
